<?xml version="1.0" encoding="UTF-8"?>
<testsuite xmlns:xsi="http://www.w3.org/2001/XMLSchema-instance" xsi:noNamespaceSchemaLocation="https://maven.apache.org/surefire/maven-surefire-plugin/xsd/surefire-test-report.xsd" name="fr.m2i.JpaPersistenceUnitTest" time="2.485" tests="5" errors="0" skipped="0" failures="0">
  <properties>
[...]
</properties>
  <testcase name="testPersistenceEntity" classname="fr.m2i.JpaPersistenceUnitTest" time="0.023"/>
  <testcase name="testSqlDialect" classname="fr.m2i.JpaPersistenceUnitTest" time="0"/>
  <testcase name="testDbUrl" classname="fr.m2i.JpaPersistenceUnitTest" time="0.001"/>
  <testcase name="testDdlGeneration" classname="fr.m2i.JpaPersistenceUnitTest" time="0.001"/>
  <testcase name="testConnectionDriverClass" classname="fr.m2i.JpaPersistenceUnitTest" time="0.001"/>
</testsuite>